<?xml version="1.0" encoding="UTF-8"?>
<!-- Generated by org.testng.reporters.JUnitReportReporter -->
<testsuite hostname="DESKTOP-VAFP3A1" failures="0" tests="3" name="day44.dependsAnotherExample" time="0.012" errors="0" timestamp="2025-01-21T13:32:15 IST" skipped="0">
  <testcase classname="day44.dependsAnotherExample" name="testB" time="0.010"/>
  <system-out/>
  <testcase classname="day44.dependsAnotherExample" name="testC" time="0.001"/>
  <system-out/>
  <testcase classname="day44.dependsAnotherExample" name="testA" time="0.001"/>
  <system-out/>
</testsuite> <!-- day44.dependsAnotherExample -->
