<?xml version="1.0" encoding="UTF-8"?>
<!-- Generated by org.testng.reporters.JUnitReportReporter -->
<testsuite hostname="DESKTOP-VAFP3A1" failures="0" tests="4" name="day42.FirstTestCase" time="7.984" errors="0" timestamp="2025-01-20T16:13:42 IST" skipped="0">
  <testcase classname="day42.FirstTestCase" name="openApp" time="4.491"/>
  <system-out/>
  <testcase classname="day42.FirstTestCase" name="testLogo" time="3.045"/>
  <system-out/>
  <testcase classname="day42.FirstTestCase" name="testLogin" time="0.221"/>
  <system-out/>
  <testcase classname="day42.FirstTestCase" name="closeApp" time="0.227"/>
  <system-out/>
</testsuite> <!-- day42.FirstTestCase -->
