<?xml version="1.0" encoding="UTF-8"?>
<!-- Generated by org.testng.reporters.JUnitReportReporter -->
<testsuite hostname="DESKTOP-VAFP3A1" failures="0" tests="2" name="day43.c2" time="0.002" errors="0" timestamp="2025-01-20T23:40:36 IST" skipped="0">
  <testcase classname="day43.c2" name="AC3" time="0.000"/>
  <system-out/>
  <testcase classname="day43.c2" name="AC2" time="0.002"/>
  <system-out/>
</testsuite> <!-- day43.c2 -->
