<?xml version="1.0" encoding="UTF-8"?>
<!-- Generated by org.testng.reporters.JUnitReportReporter -->
<testsuite hostname="DESKTOP-VAFP3A1" failures="0" tests="9" name="day45.ParamTest" time="0.181" errors="0" timestamp="2025-01-23T15:26:01 IST" skipped="0">
  <testcase classname="day45.ParamTest" name="testLogo" time="0.045"/>
  <system-out/>
  <testcase classname="day45.ParamTest" name="testLogo" time="0.021"/>
  <system-out/>
  <testcase classname="day45.ParamTest" name="testLogo" time="0.053"/>
  <system-out/>
  <testcase classname="day45.ParamTest" name="testTitle" time="0.016"/>
  <system-out/>
  <testcase classname="day45.ParamTest" name="testTitle" time="0.005"/>
  <system-out/>
  <testcase classname="day45.ParamTest" name="testTitle" time="0.011"/>
  <system-out/>
  <testcase classname="day45.ParamTest" name="testURL" time="0.013"/>
  <system-out/>
  <testcase classname="day45.ParamTest" name="testURL" time="0.012"/>
  <system-out/>
  <testcase classname="day45.ParamTest" name="testURL" time="0.005"/>
  <system-out/>
</testsuite> <!-- day45.ParamTest -->
