<?xml version="1.0" encoding="UTF-8"?>
<!-- Generated by org.testng.reporters.JUnitReportReporter -->
<testsuite hostname="DESKTOP-VAFP3A1" failures="0" tests="1" name="day42.sampleClass" time="0.001" errors="0" timestamp="2025-01-20T16:13:42 IST" skipped="0">
  <testcase classname="day42.sampleClass" name="f" time="0.001"/>
  <system-out/>
</testsuite> <!-- day42.sampleClass -->
