<?xml version="1.0" encoding="UTF-8"?>
<!-- Generated by org.testng.reporters.JUnitReportReporter -->
<testsuite hostname="DESKTOP-VAFP3A1" failures="0" tests="3" name="day44.dependsOnMethod" time="0.010" errors="0" timestamp="2025-01-21T13:15:05 IST" skipped="0">
  <testcase classname="day44.dependsOnMethod" name="search" time="0.007"/>
  <system-out/>
  <testcase classname="day44.dependsOnMethod" name="login" time="0.003"/>
  <system-out/>
  <testcase classname="day44.dependsOnMethod" name="advSearch" time="0.000"/>
  <system-out/>
</testsuite> <!-- day44.dependsOnMethod -->
