<?xml version="1.0" encoding="UTF-8"?>
<!-- Generated by org.testng.reporters.JUnitReportReporter -->
<testsuite hostname="DESKTOP-VAFP3A1" failures="0" tests="2" name="day45.DataProviderDemo" time="9.345" errors="0" timestamp="2025-01-23T13:38:49 IST" skipped="0">
  <testcase classname="day45.DataProviderDemo" name="testLogin" time="5.375"/>
  <system-out/>
  <testcase classname="day45.DataProviderDemo" name="testLogin" time="3.970"/>
  <system-out/>
</testsuite> <!-- day45.DataProviderDemo -->
